{"/home/larisa/projects/frontend-project-46/src/index.js": {"path":"/home/larisa/projects/frontend-project-46/src/index.js","all":false,"statementMap":{"0":{"start":{"line":1,"column":0},"end":{"line":1,"column":23}},"1":{"start":{"line":2,"column":0},"end":{"line":2,"column":29}},"2":{"start":{"line":3,"column":0},"end":{"line":3,"column":25}},"3":{"start":{"line":4,"column":0},"end":{"line":4,"column":35}},"4":{"start":{"line":5,"column":0},"end":{"line":5,"column":33}},"5":{"start":{"line":6,"column":0},"end":{"line":6,"column":43}},"6":{"start":{"line":7,"column":0},"end":{"line":7,"column":68}},"7":{"start":{"line":8,"column":0},"end":{"line":8,"column":68}},"8":{"start":{"line":9,"column":0},"end":{"line":9,"column":34}},"9":{"start":{"line":10,"column":0},"end":{"line":10,"column":34}},"10":{"start":{"line":11,"column":0},"end":{"line":11,"column":38}},"11":{"start":{"line":12,"column":0},"end":{"line":12,"column":36}},"12":{"start":{"line":13,"column":0},"end":{"line":13,"column":26}},"13":{"start":{"line":14,"column":0},"end":{"line":14,"column":20}},"14":{"start":{"line":15,"column":0},"end":{"line":15,"column":25}},"15":{"start":{"line":16,"column":0},"end":{"line":16,"column":34}},"16":{"start":{"line":17,"column":0},"end":{"line":17,"column":38}},"17":{"start":{"line":18,"column":0},"end":{"line":18,"column":39}},"18":{"start":{"line":19,"column":0},"end":{"line":19,"column":38}},"19":{"start":{"line":20,"column":0},"end":{"line":20,"column":36}},"20":{"start":{"line":21,"column":0},"end":{"line":21,"column":37}},"21":{"start":{"line":22,"column":0},"end":{"line":22,"column":38}},"22":{"start":{"line":23,"column":0},"end":{"line":23,"column":34}},"23":{"start":{"line":24,"column":0},"end":{"line":24,"column":35}},"24":{"start":{"line":25,"column":0},"end":{"line":25,"column":12}},"25":{"start":{"line":26,"column":0},"end":{"line":26,"column":37}},"26":{"start":{"line":27,"column":0},"end":{"line":27,"column":37}},"27":{"start":{"line":28,"column":0},"end":{"line":28,"column":38}},"28":{"start":{"line":29,"column":0},"end":{"line":29,"column":38}},"29":{"start":{"line":30,"column":0},"end":{"line":30,"column":5}},"30":{"start":{"line":31,"column":0},"end":{"line":31,"column":3}},"31":{"start":{"line":32,"column":0},"end":{"line":32,"column":31}},"32":{"start":{"line":33,"column":0},"end":{"line":33,"column":47}},"33":{"start":{"line":34,"column":0},"end":{"line":34,"column":20}},"34":{"start":{"line":35,"column":0},"end":{"line":35,"column":2}},"35":{"start":{"line":36,"column":0},"end":{"line":36,"column":0}},"36":{"start":{"line":37,"column":0},"end":{"line":37,"column":75}},"37":{"start":{"line":38,"column":0},"end":{"line":38,"column":71}},"38":{"start":{"line":39,"column":0},"end":{"line":39,"column":84}},"39":{"start":{"line":40,"column":0},"end":{"line":40,"column":23}}},"s":{"0":1,"1":1,"2":1,"3":1,"4":1,"5":1,"6":2,"7":2,"8":2,"9":2,"10":2,"11":2,"12":2,"13":2,"14":2,"15":14,"16":4,"17":4,"18":14,"19":4,"20":4,"21":10,"22":2,"23":2,"24":6,"25":4,"26":4,"27":4,"28":4,"29":4,"30":14,"31":2,"32":2,"33":2,"34":2,"35":1,"36":1,"37":1,"38":1,"39":1},"branchMap":{"0":{"type":"branch","line":6,"loc":{"start":{"line":6,"column":16},"end":{"line":35,"column":2}},"locations":[{"start":{"line":6,"column":16},"end":{"line":35,"column":2}}]},"1":{"type":"branch","line":15,"loc":{"start":{"line":15,"column":2},"end":{"line":31,"column":3}},"locations":[{"start":{"line":15,"column":2},"end":{"line":31,"column":3}}]},"2":{"type":"branch","line":16,"loc":{"start":{"line":16,"column":33},"end":{"line":19,"column":5}},"locations":[{"start":{"line":16,"column":33},"end":{"line":19,"column":5}}]},"3":{"type":"branch","line":19,"loc":{"start":{"line":19,"column":5},"end":{"line":30,"column":5}},"locations":[{"start":{"line":19,"column":5},"end":{"line":30,"column":5}}]},"4":{"type":"branch","line":19,"loc":{"start":{"line":19,"column":37},"end":{"line":22,"column":5}},"locations":[{"start":{"line":19,"column":37},"end":{"line":22,"column":5}}]},"5":{"type":"branch","line":22,"loc":{"start":{"line":22,"column":5},"end":{"line":30,"column":5}},"locations":[{"start":{"line":22,"column":5},"end":{"line":30,"column":5}}]},"6":{"type":"branch","line":22,"loc":{"start":{"line":22,"column":37},"end":{"line":25,"column":5}},"locations":[{"start":{"line":22,"column":37},"end":{"line":25,"column":5}}]},"7":{"type":"branch","line":25,"loc":{"start":{"line":25,"column":5},"end":{"line":30,"column":5}},"locations":[{"start":{"line":25,"column":5},"end":{"line":30,"column":5}}]}},"b":{"0":[2],"1":[14],"2":[4],"3":[10],"4":[4],"5":[6],"6":[2],"7":[4]},"fnMap":{"0":{"name":"genDiff","decl":{"start":{"line":6,"column":16},"end":{"line":35,"column":2}},"loc":{"start":{"line":6,"column":16},"end":{"line":35,"column":2}},"line":6},"1":{"name":"compare","decl":{"start":{"line":15,"column":2},"end":{"line":31,"column":3}},"loc":{"start":{"line":15,"column":2},"end":{"line":31,"column":3}},"line":15}},"f":{"0":2,"1":14}}
,"/home/larisa/projects/frontend-project-46/src/utils.js": {"path":"/home/larisa/projects/frontend-project-46/src/utils.js","all":false,"statementMap":{"0":{"start":{"line":1,"column":0},"end":{"line":1,"column":23}},"1":{"start":{"line":2,"column":0},"end":{"line":2,"column":0}},"2":{"start":{"line":3,"column":0},"end":{"line":3,"column":63}},"3":{"start":{"line":4,"column":0},"end":{"line":4,"column":41}},"4":{"start":{"line":5,"column":0},"end":{"line":5,"column":90}},"5":{"start":{"line":6,"column":0},"end":{"line":6,"column":36}},"6":{"start":{"line":7,"column":0},"end":{"line":7,"column":31}},"7":{"start":{"line":8,"column":0},"end":{"line":8,"column":5}},"8":{"start":{"line":9,"column":0},"end":{"line":9,"column":0}},"9":{"start":{"line":10,"column":0},"end":{"line":10,"column":43}},"10":{"start":{"line":11,"column":0},"end":{"line":11,"column":54}},"11":{"start":{"line":12,"column":0},"end":{"line":12,"column":68}},"12":{"start":{"line":13,"column":0},"end":{"line":13,"column":24}},"13":{"start":{"line":14,"column":0},"end":{"line":14,"column":28}},"14":{"start":{"line":15,"column":0},"end":{"line":15,"column":78}},"15":{"start":{"line":16,"column":0},"end":{"line":16,"column":0}},"16":{"start":{"line":17,"column":0},"end":{"line":17,"column":12}},"17":{"start":{"line":18,"column":0},"end":{"line":18,"column":10}},"18":{"start":{"line":19,"column":0},"end":{"line":19,"column":15}},"19":{"start":{"line":20,"column":0},"end":{"line":20,"column":26}},"20":{"start":{"line":21,"column":0},"end":{"line":21,"column":17}},"21":{"start":{"line":22,"column":0},"end":{"line":22,"column":4}},"22":{"start":{"line":23,"column":0},"end":{"line":23,"column":0}},"23":{"start":{"line":24,"column":0},"end":{"line":24,"column":24}},"24":{"start":{"line":25,"column":0},"end":{"line":25,"column":2}},"25":{"start":{"line":26,"column":0},"end":{"line":26,"column":15}},"26":{"start":{"line":27,"column":0},"end":{"line":27,"column":20}},"27":{"start":{"line":28,"column":0},"end":{"line":28,"column":24}},"28":{"start":{"line":29,"column":0},"end":{"line":29,"column":29}},"29":{"start":{"line":30,"column":0},"end":{"line":30,"column":18}},"30":{"start":{"line":31,"column":0},"end":{"line":31,"column":18}},"31":{"start":{"line":32,"column":0},"end":{"line":32,"column":20}},"32":{"start":{"line":33,"column":0},"end":{"line":33,"column":2}},"33":{"start":{"line":34,"column":0},"end":{"line":34,"column":38}},"34":{"start":{"line":35,"column":0},"end":{"line":35,"column":25}}},"s":{"0":1,"1":1,"2":1,"3":3,"4":21,"5":21,"6":18,"7":18,"8":3,"9":3,"10":3,"11":3,"12":3,"13":3,"14":3,"15":3,"16":3,"17":3,"18":3,"19":3,"20":3,"21":3,"22":3,"23":3,"24":3,"25":1,"26":1,"27":1,"28":1,"29":1,"30":1,"31":1,"32":1,"33":1,"34":1},"branchMap":{"0":{"type":"branch","line":3,"loc":{"start":{"line":3,"column":18},"end":{"line":25,"column":2}},"locations":[{"start":{"line":3,"column":18},"end":{"line":25,"column":2}}]},"1":{"type":"branch","line":4,"loc":{"start":{"line":4,"column":15},"end":{"line":22,"column":3}},"locations":[{"start":{"line":4,"column":15},"end":{"line":22,"column":3}}]},"2":{"type":"branch","line":6,"loc":{"start":{"line":6,"column":35},"end":{"line":8,"column":5}},"locations":[{"start":{"line":6,"column":35},"end":{"line":8,"column":5}}]},"3":{"type":"branch","line":8,"loc":{"start":{"line":8,"column":4},"end":{"line":22,"column":3}},"locations":[{"start":{"line":8,"column":4},"end":{"line":22,"column":3}}]},"4":{"type":"branch","line":15,"loc":{"start":{"line":15,"column":11},"end":{"line":15,"column":76}},"locations":[{"start":{"line":15,"column":11},"end":{"line":15,"column":76}}]}},"b":{"0":[3],"1":[21],"2":[18],"3":[3],"4":[18]},"fnMap":{"0":{"name":"stringify","decl":{"start":{"line":3,"column":18},"end":{"line":25,"column":2}},"loc":{"start":{"line":3,"column":18},"end":{"line":25,"column":2}},"line":3},"1":{"name":"iter","decl":{"start":{"line":4,"column":15},"end":{"line":22,"column":3}},"loc":{"start":{"line":4,"column":15},"end":{"line":22,"column":3}},"line":4}},"f":{"0":3,"1":21}}
}
