TN:
SF:src/index.js
FN:6,genDiff
FN:15,compare
FNF:2
FNH:2
FNDA:2,genDiff
FNDA:14,compare
DA:1,1
DA:2,1
DA:3,1
DA:4,1
DA:5,1
DA:6,1
DA:7,2
DA:8,2
DA:9,2
DA:10,2
DA:11,2
DA:12,2
DA:13,2
DA:14,2
DA:15,2
DA:16,14
DA:17,4
DA:18,4
DA:19,14
DA:20,4
DA:21,4
DA:22,10
DA:23,2
DA:24,2
DA:25,6
DA:26,4
DA:27,4
DA:28,4
DA:29,4
DA:30,4
DA:31,14
DA:32,2
DA:33,2
DA:34,2
DA:35,2
DA:36,1
DA:37,1
DA:38,1
DA:39,1
DA:40,1
LF:40
LH:40
BRDA:6,0,0,2
BRDA:15,1,0,14
BRDA:16,2,0,4
BRDA:19,3,0,10
BRDA:19,4,0,4
BRDA:22,5,0,6
BRDA:22,6,0,2
BRDA:25,7,0,4
BRF:8
BRH:8
end_of_record
TN:
SF:src/utils.js
FN:3,stringify
FN:4,iter
FNF:2
FNH:2
FNDA:3,stringify
FNDA:21,iter
DA:1,1
DA:2,1
DA:3,1
DA:4,3
DA:5,21
DA:6,21
DA:7,18
DA:8,18
DA:9,3
DA:10,3
DA:11,3
DA:12,3
DA:13,3
DA:14,3
DA:15,3
DA:16,3
DA:17,3
DA:18,3
DA:19,3
DA:20,3
DA:21,3
DA:22,3
DA:23,3
DA:24,3
DA:25,3
DA:26,1
DA:27,1
DA:28,1
DA:29,1
DA:30,1
DA:31,1
DA:32,1
DA:33,1
DA:34,1
DA:35,1
LF:35
LH:35
BRDA:3,0,0,3
BRDA:4,1,0,21
BRDA:6,2,0,18
BRDA:8,3,0,3
BRDA:15,4,0,18
BRF:5
BRH:5
end_of_record
